{"numFailedTestSuites":0,"numFailedTests":0,"numPassedTestSuites":1,"numPassedTests":2,"numPendingTestSuites":0,"numPendingTests":0,"numRuntimeErrorTestSuites":0,"numTodoTests":0,"numTotalTestSuites":1,"numTotalTests":2,"openHandles":[],"snapshot":{"added":0,"didUpdate":false,"failure":false,"filesAdded":0,"filesRemoved":0,"filesRemovedList":[],"filesUnmatched":0,"filesUpdated":0,"matched":0,"total":0,"unchecked":0,"uncheckedKeysByFile":[],"unmatched":0,"updated":0},"startTime":1735802764542,"success":true,"testResults":[{"assertionResults":[{"ancestorTitles":["App"],"duration":56,"failureDetails":[],"failureMessages":[],"fullName":"App should render successfully","invocations":1,"location":null,"numPassingAsserts":1,"retryReasons":[],"status":"passed","title":"should render successfully"},{"ancestorTitles":["App"],"duration":15,"failureDetails":[],"failureMessages":[],"fullName":"App should have a greeting as the title","invocations":1,"location":null,"numPassingAsserts":1,"retryReasons":[],"status":"passed","title":"should have a greeting as the title"}],"endTime":1735802765968,"message":"","name":"/Users/nmehta/projects/todos-frontend/apps/todos-frontend/src/app/app.spec.tsx","startTime":1735802765412,"status":"passed","summary":""}],"wasInterrupted":false,"coverageMap":{"/Users/nmehta/projects/todos-frontend/apps/todos-frontend/src/app/app.tsx":{"path":"/Users/nmehta/projects/todos-frontend/apps/todos-frontend/src/app/app.tsx","statementMap":{"0":{"start":{"line":13,"column":16},"end":{"line":13,"column":39}},"1":{"start":{"line":15,"column":22},"end":{"line":163,"column":1}},"2":{"start":{"line":16,"column":28},"end":{"line":16,"column":48}},"3":{"start":{"line":17,"column":34},"end":{"line":17,"column":54}},"4":{"start":{"line":20,"column":21},"end":{"line":31,"column":3}},"5":{"start":{"line":21,"column":4},"end":{"line":30,"column":5}},"6":{"start":{"line":22,"column":23},"end":{"line":26,"column":8}},"7":{"start":{"line":27,"column":6},"end":{"line":27,"column":30}},"8":{"start":{"line":29,"column":6},"end":{"line":29,"column":52}},"9":{"start":{"line":34,"column":18},"end":{"line":50,"column":3}},"10":{"start":{"line":35,"column":4},"end":{"line":35,"column":39}},"11":{"start":{"line":35,"column":32},"end":{"line":35,"column":39}},"12":{"start":{"line":37,"column":20},"end":{"line":37,"column":38}},"13":{"start":{"line":39,"column":4},"end":{"line":49,"column":5}},"14":{"start":{"line":40,"column":23},"end":{"line":44,"column":8}},"15":{"start":{"line":45,"column":6},"end":{"line":45,"column":61}},"16":{"start":{"line":45,"column":30},"end":{"line":45,"column":59}},"17":{"start":{"line":46,"column":6},"end":{"line":46,"column":22}},"18":{"start":{"line":48,"column":6},"end":{"line":48,"column":49}},"19":{"start":{"line":53,"column":30},"end":{"line":70,"column":3}},"20":{"start":{"line":54,"column":4},"end":{"line":69,"column":5}},"21":{"start":{"line":55,"column":23},"end":{"line":59,"column":8}},"22":{"start":{"line":60,"column":6},"end":{"line":66,"column":7}},"23":{"start":{"line":61,"column":8},"end":{"line":65,"column":10}},"24":{"start":{"line":62,"column":10},"end":{"line":64,"column":11}},"25":{"start":{"line":63,"column":12},"end":{"line":63,"column":68}},"26":{"start":{"line":68,"column":6},"end":{"line":68,"column":51}},"27":{"start":{"line":73,"column":21},"end":{"line":86,"column":3}},"28":{"start":{"line":74,"column":4},"end":{"line":85,"column":5}},"29":{"start":{"line":75,"column":23},"end":{"line":79,"column":8}},"30":{"start":{"line":80,"column":6},"end":{"line":82,"column":7}},"31":{"start":{"line":81,"column":8},"end":{"line":81,"column":76}},"32":{"start":{"line":81,"column":32},"end":{"line":81,"column":74}},"33":{"start":{"line":81,"column":59},"end":{"line":81,"column":73}},"34":{"start":{"line":84,"column":6},"end":{"line":84,"column":51}},"35":{"start":{"line":89,"column":2},"end":{"line":91,"column":9}},"36":{"start":{"line":90,"column":4},"end":{"line":90,"column":17}},"37":{"start":{"line":93,"column":2},"end":{"line":162,"column":4}},"38":{"start":{"line":104,"column":29},"end":{"line":104,"column":56}},"39":{"start":{"line":119,"column":12},"end":{"line":157,"column":17}},"40":{"start":{"line":140,"column":33},"end":{"line":140,"column":61}},"41":{"start":{"line":151,"column":33},"end":{"line":151,"column":52}}},"fnMap":{"0":{"name":"(anonymous_0)","decl":{"start":{"line":15,"column":22},"end":{"line":15,"column":23}},"loc":{"start":{"line":15,"column":28},"end":{"line":163,"column":1}},"line":15},"1":{"name":"(anonymous_1)","decl":{"start":{"line":20,"column":21},"end":{"line":20,"column":22}},"loc":{"start":{"line":20,"column":33},"end":{"line":31,"column":3}},"line":20},"2":{"name":"(anonymous_2)","decl":{"start":{"line":34,"column":18},"end":{"line":34,"column":19}},"loc":{"start":{"line":34,"column":30},"end":{"line":50,"column":3}},"line":34},"3":{"name":"(anonymous_3)","decl":{"start":{"line":45,"column":15},"end":{"line":45,"column":16}},"loc":{"start":{"line":45,"column":30},"end":{"line":45,"column":59}},"line":45},"4":{"name":"(anonymous_4)","decl":{"start":{"line":53,"column":30},"end":{"line":53,"column":31}},"loc":{"start":{"line":53,"column":52},"end":{"line":70,"column":3}},"line":53},"5":{"name":"(anonymous_5)","decl":{"start":{"line":61,"column":17},"end":{"line":61,"column":18}},"loc":{"start":{"line":62,"column":10},"end":{"line":64,"column":11}},"line":62},"6":{"name":"(anonymous_6)","decl":{"start":{"line":62,"column":24},"end":{"line":62,"column":25}},"loc":{"start":{"line":63,"column":12},"end":{"line":63,"column":68}},"line":63},"7":{"name":"(anonymous_7)","decl":{"start":{"line":73,"column":21},"end":{"line":73,"column":22}},"loc":{"start":{"line":73,"column":43},"end":{"line":86,"column":3}},"line":73},"8":{"name":"(anonymous_8)","decl":{"start":{"line":81,"column":17},"end":{"line":81,"column":18}},"loc":{"start":{"line":81,"column":32},"end":{"line":81,"column":74}},"line":81},"9":{"name":"(anonymous_9)","decl":{"start":{"line":81,"column":49},"end":{"line":81,"column":50}},"loc":{"start":{"line":81,"column":59},"end":{"line":81,"column":73}},"line":81},"10":{"name":"(anonymous_10)","decl":{"start":{"line":89,"column":12},"end":{"line":89,"column":13}},"loc":{"start":{"line":89,"column":18},"end":{"line":91,"column":3}},"line":89},"11":{"name":"(anonymous_11)","decl":{"start":{"line":104,"column":22},"end":{"line":104,"column":23}},"loc":{"start":{"line":104,"column":29},"end":{"line":104,"column":56}},"line":104},"12":{"name":"(anonymous_12)","decl":{"start":{"line":118,"column":21},"end":{"line":118,"column":22}},"loc":{"start":{"line":119,"column":12},"end":{"line":157,"column":17}},"line":119},"13":{"name":"(anonymous_13)","decl":{"start":{"line":140,"column":27},"end":{"line":140,"column":28}},"loc":{"start":{"line":140,"column":33},"end":{"line":140,"column":61}},"line":140},"14":{"name":"(anonymous_14)","decl":{"start":{"line":151,"column":27},"end":{"line":151,"column":28}},"loc":{"start":{"line":151,"column":33},"end":{"line":151,"column":52}},"line":151}},"branchMap":{"0":{"loc":{"start":{"line":35,"column":4},"end":{"line":35,"column":39}},"type":"if","locations":[{"start":{"line":35,"column":4},"end":{"line":35,"column":39}},{"start":{},"end":{}}],"line":35},"1":{"loc":{"start":{"line":60,"column":6},"end":{"line":66,"column":7}},"type":"if","locations":[{"start":{"line":60,"column":6},"end":{"line":66,"column":7}},{"start":{},"end":{}}],"line":60},"2":{"loc":{"start":{"line":63,"column":12},"end":{"line":63,"column":68}},"type":"cond-expr","locations":[{"start":{"line":63,"column":29},"end":{"line":63,"column":61}},{"start":{"line":63,"column":64},"end":{"line":63,"column":68}}],"line":63},"3":{"loc":{"start":{"line":80,"column":6},"end":{"line":82,"column":7}},"type":"if","locations":[{"start":{"line":80,"column":6},"end":{"line":82,"column":7}},{"start":{},"end":{}}],"line":80},"4":{"loc":{"start":{"line":115,"column":11},"end":{"line":117,"column":11}},"type":"binary-expr","locations":[{"start":{"line":115,"column":11},"end":{"line":115,"column":29}},{"start":{"line":116,"column":12},"end":{"line":116,"column":78}}],"line":115},"5":{"loc":{"start":{"line":126,"column":20},"end":{"line":128,"column":26}},"type":"cond-expr","locations":[{"start":{"line":127,"column":24},"end":{"line":127,"column":52}},{"start":{"line":128,"column":24},"end":{"line":128,"column":26}}],"line":126},"6":{"loc":{"start":{"line":143,"column":20},"end":{"line":145,"column":57}},"type":"cond-expr","locations":[{"start":{"line":144,"column":24},"end":{"line":144,"column":56}},{"start":{"line":145,"column":24},"end":{"line":145,"column":57}}],"line":143}},"s":{"0":1,"1":1,"2":2,"3":2,"4":2,"5":2,"6":2,"7":0,"8":0,"9":2,"10":0,"11":0,"12":0,"13":0,"14":0,"15":0,"16":0,"17":0,"18":0,"19":2,"20":0,"21":0,"22":0,"23":0,"24":0,"25":0,"26":0,"27":2,"28":0,"29":0,"30":0,"31":0,"32":0,"33":0,"34":0,"35":2,"36":2,"37":2,"38":0,"39":0,"40":0,"41":0},"f":{"0":2,"1":2,"2":0,"3":0,"4":0,"5":0,"6":0,"7":0,"8":0,"9":0,"10":2,"11":0,"12":0,"13":0,"14":0},"b":{"0":[0,0],"1":[0,0],"2":[0,0],"3":[0,0],"4":[2,2],"5":[0,0],"6":[0,0]},"_coverageSchema":"1a1c01bbd47fc00a2c39e90264f33305004495a9","hash":"875460e3b5ae3e93c73034af5f91467c0b9ed5ae"}}}
